{
  "RSpec": {
    "coverage": {
      "/Users/drewmonroe/Projects/hubspot_api/config.rb": [
        null,
        1,
        1,
        1,
        1,
        1,
        1,
        1,
        1,
        1,
        1,
        1,
        null,
        null,
        1,
        1,
        1,
        1,
        1,
        1,
        1,
        null,
        null,
        1,
        1,
        1,
        1,
        1,
        1,
        1,
        1,
        1,
        1,
        1,
        null,
        null,
        null,
        1,
        1,
        null,
        1,
        null,
        1,
        1,
        1,
        1,
        1,
        null,
        1,
        1
      ],
      "/Users/drewmonroe/Projects/hubspot_api/lib/api/base.rb": [
        1,
        1,
        1,
        null,
        1,
        5,
        5,
        5,
        5,
        null,
        null,
        null,
        1,
        0,
        null,
        null,
        null,
        1,
        0,
        null,
        null,
        1,
        0,
        null,
        null,
        0,
        0,
        null,
        0,
        0,
        0,
        0,
        0,
        0,
        null,
        null,
        null,
        null,
        0,
        null,
        null,
        1,
        null,
        null,
        1,
        0,
        0,
        null,
        null,
        null,
        null,
        1,
        0,
        null,
        0,
        0,
        null,
        null,
        0,
        0,
        null,
        null,
        null,
        0,
        null,
        null,
        0,
        null,
        null,
        null,
        null,
        1,
        0,
        null,
        null,
        1,
        0,
        0,
        null,
        null,
        null,
        1,
        0,
        0,
        0,
        null,
        null,
        null
      ],
      "/Users/drewmonroe/Projects/hubspot_api/lib/api/companies.rb": [
        null,
        null,
        null,
        null,
        null,
        null,
        null,
        null,
        1,
        1,
        1,
        1,
        null,
        null,
        1,
        0,
        null,
        null,
        1,
        0,
        0,
        0,
        null,
        null,
        1,
        0,
        null,
        null,
        1,
        null,
        null,
        null,
        null,
        null,
        0,
        null,
        null,
        null
      ],
      "/Users/drewmonroe/Projects/hubspot_api/lib/api/contacts.rb": [
        null,
        null,
        null,
        null,
        null,
        null,
        1,
        1,
        1,
        1,
        null,
        null,
        1,
        0,
        null,
        null,
        1,
        0,
        0,
        0,
        null,
        null,
        1,
        0,
        null,
        null,
        1,
        0,
        null,
        null,
        null,
        null,
        null,
        1,
        null,
        null,
        null,
        null,
        null,
        null,
        null,
        null,
        null,
        null,
        null,
        0,
        null,
        null,
        null
      ],
      "/Users/drewmonroe/Projects/hubspot_api/lib/api/deals.rb": [
        null,
        null,
        null,
        null,
        null,
        1,
        1,
        1,
        1,
        null,
        null,
        null,
        1,
        0,
        null,
        null,
        1,
        0,
        0,
        null,
        0,
        0,
        null,
        null,
        1,
        0,
        null,
        0,
        null,
        null,
        1,
        null,
        null,
        null,
        null,
        null,
        0,
        null,
        null,
        1,
        0,
        0,
        null,
        null,
        1,
        null,
        1,
        0,
        null,
        null,
        1,
        0,
        null,
        null,
        1,
        0,
        0,
        0,
        null,
        null,
        null,
        1,
        0,
        0,
        0,
        null,
        null,
        null,
        null
      ],
      "/Users/drewmonroe/Projects/hubspot_api/lib/api/engagements.rb": [
        null,
        null,
        null,
        null,
        null,
        1,
        1,
        1,
        1,
        null,
        null,
        null,
        1,
        0,
        null,
        null,
        1,
        0,
        0,
        0,
        null,
        null,
        1,
        0,
        null,
        null,
        1,
        null,
        null,
        null,
        null,
        null,
        0,
        null,
        null,
        1,
        0,
        0,
        0,
        null,
        null,
        1,
        null,
        1,
        0,
        0,
        0,
        null,
        null,
        null,
        1,
        0,
        0,
        0,
        null,
        null,
        null,
        1,
        0,
        0,
        0,
        null,
        null,
        null,
        null
      ],
      "/Users/drewmonroe/Projects/hubspot_api/lib/api/owners.rb": [
        null,
        null,
        null,
        null,
        null,
        null,
        null,
        1,
        1,
        1,
        1,
        null,
        null,
        1,
        0,
        null,
        null,
        1,
        null,
        null,
        null,
        null,
        null,
        0,
        null,
        null,
        null
      ],
      "/Users/drewmonroe/Projects/hubspot_api/lib/api/rest.rb": [
        1,
        1,
        1,
        null,
        1,
        0,
        0,
        0,
        0,
        0,
        null,
        null,
        null,
        0,
        0,
        0,
        null,
        0,
        0,
        null,
        null,
        1,
        0,
        null,
        null,
        null
      ],
      "/Users/drewmonroe/Projects/hubspot_api/lib/models/company.rb": [
        null,
        1,
        1,
        1,
        1,
        1,
        1,
        null
      ],
      "/Users/drewmonroe/Projects/hubspot_api/lib/models/company_deal.rb": [
        null,
        1,
        1,
        1,
        null
      ],
      "/Users/drewmonroe/Projects/hubspot_api/lib/models/company_engagement.rb": [
        null,
        1,
        1,
        1,
        null
      ],
      "/Users/drewmonroe/Projects/hubspot_api/lib/models/contact.rb": [
        null,
        1,
        1,
        null,
        1,
        1,
        null,
        1,
        1,
        null,
        1,
        1,
        null
      ],
      "/Users/drewmonroe/Projects/hubspot_api/lib/models/deal.rb": [
        null,
        1,
        1,
        1,
        null,
        1,
        1,
        null,
        1,
        1,
        null,
        1,
        1,
        null
      ],
      "/Users/drewmonroe/Projects/hubspot_api/lib/models/deal_contact.rb": [
        null,
        1,
        1,
        1,
        null
      ],
      "/Users/drewmonroe/Projects/hubspot_api/lib/models/deal_stage.rb": [
        null,
        1,
        1,
        null
      ],
      "/Users/drewmonroe/Projects/hubspot_api/lib/models/engagement.rb": [
        null,
        1,
        1,
        1,
        1,
        1,
        1,
        1,
        1,
        1,
        null
      ],
      "/Users/drewmonroe/Projects/hubspot_api/lib/models/engagement_contact.rb": [
        null,
        1,
        1,
        1,
        null
      ],
      "/Users/drewmonroe/Projects/hubspot_api/lib/models/engagement_deal.rb": [
        null,
        1,
        1,
        1,
        null
      ],
      "/Users/drewmonroe/Projects/hubspot_api/lib/models/owner.rb": [
        null,
        1,
        1,
        null,
        1,
        null
      ],
      "/Users/drewmonroe/Projects/hubspot_api/lib/excel/workbook.rb": [
        null,
        1,
        null,
        1,
        1,
        0,
        0,
        null,
        null,
        null,
        null,
        0,
        null,
        null,
        1,
        0,
        null,
        null,
        null
      ],
      "/Users/drewmonroe/Projects/hubspot_api/lib/excel/deals_table.rb": [
        null,
        1,
        null,
        1,
        1,
        null,
        1,
        0,
        0,
        null,
        0,
        null,
        null,
        1,
        null,
        1,
        0,
        null,
        null,
        null,
        0,
        null,
        null,
        1,
        0,
        0,
        0,
        null,
        null,
        null,
        null,
        null,
        1,
        0,
        null,
        null,
        null,
        null,
        null,
        null,
        null,
        1,
        0,
        0,
        0,
        0,
        null,
        0,
        null,
        null,
        1,
        0,
        0,
        0,
        0,
        null,
        0,
        null,
        null,
        null
      ]
    },
    "timestamp": 1465578275
  }
}
